2017-10-01 23:59:01 [scrapy.utils.log] INFO: Scrapy 1.4.0 started (bot: newsmth)
2017-10-01 23:59:01 [scrapy.utils.log] INFO: Overridden settings: {'NEWSPIDER_MODULE': 'newsmth.spiders', 'SPIDER_MODULES': ['newsmth.spiders'], 'BOT_NAME': 'newsmth'}
2017-10-01 23:59:01 [scrapy.middleware] INFO: Enabled extensions:
['scrapy.extensions.memusage.MemoryUsage',
 'scrapy.extensions.logstats.LogStats',
 'scrapy.extensions.telnet.TelnetConsole',
 'scrapy.extensions.corestats.CoreStats']
2017-10-01 23:59:01 [scrapy.middleware] INFO: Enabled downloader middlewares:
['scrapy.downloadermiddlewares.httpauth.HttpAuthMiddleware',
 'scrapy.downloadermiddlewares.downloadtimeout.DownloadTimeoutMiddleware',
 'scrapy.downloadermiddlewares.defaultheaders.DefaultHeadersMiddleware',
 'scrapy.downloadermiddlewares.useragent.UserAgentMiddleware',
 'scrapy.downloadermiddlewares.retry.RetryMiddleware',
 'scrapy.downloadermiddlewares.redirect.MetaRefreshMiddleware',
 'scrapy.downloadermiddlewares.httpcompression.HttpCompressionMiddleware',
 'scrapy.downloadermiddlewares.redirect.RedirectMiddleware',
 'scrapy.downloadermiddlewares.cookies.CookiesMiddleware',
 'scrapy.downloadermiddlewares.httpproxy.HttpProxyMiddleware',
 'scrapy.downloadermiddlewares.stats.DownloaderStats']
2017-10-01 23:59:01 [scrapy.middleware] INFO: Enabled spider middlewares:
['scrapy.spidermiddlewares.httperror.HttpErrorMiddleware',
 'scrapy.spidermiddlewares.offsite.OffsiteMiddleware',
 'scrapy.spidermiddlewares.referer.RefererMiddleware',
 'scrapy.spidermiddlewares.urllength.UrlLengthMiddleware',
 'scrapy.spidermiddlewares.depth.DepthMiddleware']
2017-10-01 23:59:01 [scrapy.middleware] INFO: Enabled item pipelines:
[]
2017-10-01 23:59:01 [scrapy.core.engine] INFO: Spider opened
2017-10-01 23:59:01 [scrapy.extensions.logstats] INFO: Crawled 0 pages (at 0 pages/min), scraped 0 items (at 0 items/min)
2017-10-01 23:59:01 [scrapy.extensions.telnet] DEBUG: Telnet console listening on 127.0.0.1:6023
2017-10-01 23:59:01 [scrapy.core.engine] DEBUG: Crawled (200) <GET http://www.newsmth.net/nForum/rss/topten> (referer: None)
2017-10-01 23:59:01 [scrapy.core.engine] INFO: Closing spider (finished)
2017-10-01 23:59:01 [scrapy.statscollectors] INFO: Dumping Scrapy stats:
{'downloader/request_bytes': 230,
 'downloader/request_count': 1,
 'downloader/request_method_count/GET': 1,
 'downloader/response_bytes': 14193,
 'downloader/response_count': 1,
 'downloader/response_status_count/200': 1,
 'finish_reason': 'finished',
 'finish_time': datetime.datetime(2017, 10, 1, 15, 59, 1, 893028),
 'log_count/DEBUG': 2,
 'log_count/INFO': 7,
 'memusage/max': 45133824,
 'memusage/startup': 45133824,
 'response_received_count': 1,
 'scheduler/dequeued': 1,
 'scheduler/dequeued/memory': 1,
 'scheduler/enqueued': 1,
 'scheduler/enqueued/memory': 1,
 'start_time': datetime.datetime(2017, 10, 1, 15, 59, 1, 767371)}
2017-10-01 23:59:01 [scrapy.core.engine] INFO: Spider closed (finished)
title: ，睡不著X，心仪的房子，业主一分钱都不让，要不要买啊
title: 转自知乎：很多家长是不是很难接受自己的小孩很平庸？
